wallet-core-balanceapp  | Waiting for MySQL to be ready...
wallet-core-balanceapp  | Waiting for mysql-balance...
wallet-core-balanceapp  | Waiting for mysql-balance...
wallet-core-balanceapp  | Waiting for mysql-balance...
wallet-core-balanceapp  | Waiting for mysql-balance...
wallet-core-balanceapp  | MySQL is up and running.
wallet-core-balanceapp  | 
wallet-core-balanceapp  |   .   ____          _            __ _ _
wallet-core-balanceapp  |  /\\ / ___'_ __ _ _(_)_ __  __ _ \ \ \ \
wallet-core-balanceapp  | ( ( )\___ | '_ | '_| | '_ \/ _` | \ \ \ \
wallet-core-balanceapp  |  \\/  ___)| |_)| | | | | || (_| |  ) ) ) )
wallet-core-balanceapp  |   '  |____| .__|_| |_|_| |_\__, | / / / /
wallet-core-balanceapp  |  =========|_|==============|___/=/_/_/_/
wallet-core-balanceapp  | 
wallet-core-balanceapp  |  :: Spring Boot ::                (v3.3.5)
wallet-core-balanceapp  | 
wallet-core-balanceapp  | 2024-11-14T02:54:21.878Z  INFO 16 --- [fc-walletcore-balance-updater] [           main] .w.FcWalletcoreBalanceUpdaterApplication : Starting FcWalletcoreBalanceUpdaterApplication v0.0.1-SNAPSHOT using Java 23.0.1 with PID 16 (/opt/app/app.jar started by root in /opt/app)
wallet-core-balanceapp  | 2024-11-14T02:54:21.880Z  INFO 16 --- [fc-walletcore-balance-updater] [           main] .w.FcWalletcoreBalanceUpdaterApplication : The following 1 profile is active: "prod"
wallet-core-balanceapp  | 2024-11-14T02:54:22.291Z  INFO 16 --- [fc-walletcore-balance-updater] [           main] .s.d.r.c.RepositoryConfigurationDelegate : Bootstrapping Spring Data JPA repositories in DEFAULT mode.
wallet-core-balanceapp  | 2024-11-14T02:54:22.324Z  INFO 16 --- [fc-walletcore-balance-updater] [           main] .s.d.r.c.RepositoryConfigurationDelegate : Finished Spring Data repository scanning in 26 ms. Found 1 JPA repository interface.
wallet-core-balanceapp  | 2024-11-14T02:54:22.907Z  INFO 16 --- [fc-walletcore-balance-updater] [           main] o.s.b.w.embedded.tomcat.TomcatWebServer  : Tomcat initialized with port 3003 (http)
wallet-core-balanceapp  | 2024-11-14T02:54:22.917Z  INFO 16 --- [fc-walletcore-balance-updater] [           main] o.apache.catalina.core.StandardService   : Starting service [Tomcat]
wallet-core-balanceapp  | 2024-11-14T02:54:22.917Z  INFO 16 --- [fc-walletcore-balance-updater] [           main] o.apache.catalina.core.StandardEngine    : Starting Servlet engine: [Apache Tomcat/10.1.31]
wallet-core-balanceapp  | 2024-11-14T02:54:22.941Z  INFO 16 --- [fc-walletcore-balance-updater] [           main] o.a.c.c.C.[Tomcat].[localhost].[/]       : Initializing Spring embedded WebApplicationContext
wallet-core-balanceapp  | 2024-11-14T02:54:22.942Z  INFO 16 --- [fc-walletcore-balance-updater] [           main] w.s.c.ServletWebServerApplicationContext : Root WebApplicationContext: initialization completed in 1014 ms
wallet-core-balanceapp  | 2024-11-14T02:54:23.066Z  INFO 16 --- [fc-walletcore-balance-updater] [           main] com.zaxxer.hikari.HikariDataSource       : HikariPool-1 - Starting...
wallet-core-balanceapp  | 2024-11-14T02:54:23.346Z  INFO 16 --- [fc-walletcore-balance-updater] [           main] com.zaxxer.hikari.pool.HikariPool        : HikariPool-1 - Added connection com.mysql.cj.jdbc.ConnectionImpl@4168f3d9
wallet-core-balanceapp  | 2024-11-14T02:54:23.348Z  INFO 16 --- [fc-walletcore-balance-updater] [           main] com.zaxxer.hikari.HikariDataSource       : HikariPool-1 - Start completed.
wallet-core-balanceapp  | 2024-11-14T02:54:23.672Z  INFO 16 --- [fc-walletcore-balance-updater] [           main] liquibase.changelog                      : Creating database history table with name: balances.DATABASECHANGELOG
wallet-core-balanceapp  | 2024-11-14T02:54:23.740Z  INFO 16 --- [fc-walletcore-balance-updater] [           main] liquibase.changelog                      : Reading from balances.DATABASECHANGELOG
wallet-core-balanceapp  | 2024-11-14T02:54:23.797Z  INFO 16 --- [fc-walletcore-balance-updater] [           main] liquibase.lockservice                    : Successfully acquired change log lock
wallet-core-balanceapp  | 2024-11-14T02:54:23.798Z  INFO 16 --- [fc-walletcore-balance-updater] [           main] liquibase.command                        : Using deploymentId: 1552863798
wallet-core-balanceapp  | 2024-11-14T02:54:23.799Z  INFO 16 --- [fc-walletcore-balance-updater] [           main] liquibase.changelog                      : Reading from balances.DATABASECHANGELOG
wallet-core-balanceapp  | 2024-11-14T02:54:23.814Z  INFO 16 --- [fc-walletcore-balance-updater] [           main] liquibase.ui                             : Running Changeset: db/changelog/db.changelog-v0001-create-table-accounts.xml::1::Josenaldo de Oliveira Matos Filho
wallet-core-balanceapp  | 2024-11-14T02:54:23.824Z  INFO 16 --- [fc-walletcore-balance-updater] [           main] liquibase.changelog                      : Table accounts created
wallet-core-balanceapp  | 2024-11-14T02:54:23.825Z  INFO 16 --- [fc-walletcore-balance-updater] [           main] liquibase.changelog                      : ChangeSet db/changelog/db.changelog-v0001-create-table-accounts.xml::1::Josenaldo de Oliveira Matos Filho ran successfully in 11ms
wallet-core-balanceapp  | 2024-11-14T02:54:23.830Z  INFO 16 --- [fc-walletcore-balance-updater] [           main] liquibase.ui                             : Running Changeset: db/changelog/db.changelog-v0002-insert-default-accounts.xml::2::Josenaldo de Oliveira Matos Filho
wallet-core-balanceapp  | 2024-11-14T02:54:23.832Z  INFO 16 --- [fc-walletcore-balance-updater] [           main] liquibase.changelog                      : New row inserted into accounts
wallet-core-balanceapp  | 2024-11-14T02:54:23.833Z  INFO 16 --- [fc-walletcore-balance-updater] [           main] liquibase.changelog                      : New row inserted into accounts
wallet-core-balanceapp  | 2024-11-14T02:54:23.835Z  INFO 16 --- [fc-walletcore-balance-updater] [           main] liquibase.changelog                      : ChangeSet db/changelog/db.changelog-v0002-insert-default-accounts.xml::2::Josenaldo de Oliveira Matos Filho ran successfully in 4ms
wallet-core-balanceapp  | 2024-11-14T02:54:23.841Z  INFO 16 --- [fc-walletcore-balance-updater] [           main] liquibase.util                           : UPDATE SUMMARY
wallet-core-balanceapp  | 2024-11-14T02:54:23.841Z  INFO 16 --- [fc-walletcore-balance-updater] [           main] liquibase.util                           : Run:                          2
wallet-core-balanceapp  | 2024-11-14T02:54:23.841Z  INFO 16 --- [fc-walletcore-balance-updater] [           main] liquibase.util                           : Previously run:               0
wallet-core-balanceapp  | 2024-11-14T02:54:23.841Z  INFO 16 --- [fc-walletcore-balance-updater] [           main] liquibase.util                           : Filtered out:                 0
wallet-core-balanceapp  | 2024-11-14T02:54:23.841Z  INFO 16 --- [fc-walletcore-balance-updater] [           main] liquibase.util                           : -------------------------------
wallet-core-balanceapp  | 2024-11-14T02:54:23.841Z  INFO 16 --- [fc-walletcore-balance-updater] [           main] liquibase.util                           : Total change sets:            2
wallet-core-balanceapp  | 2024-11-14T02:54:23.842Z  INFO 16 --- [fc-walletcore-balance-updater] [           main] liquibase.util                           : Update summary generated
wallet-core-balanceapp  | 2024-11-14T02:54:23.843Z  INFO 16 --- [fc-walletcore-balance-updater] [           main] liquibase.command                        : Update command completed successfully.
wallet-core-balanceapp  | 2024-11-14T02:54:23.843Z  INFO 16 --- [fc-walletcore-balance-updater] [           main] liquibase.ui                             : Liquibase: Update has been successful. Rows affected: 4
wallet-core-balanceapp  | 2024-11-14T02:54:23.845Z  INFO 16 --- [fc-walletcore-balance-updater] [           main] liquibase.lockservice                    : Successfully released change log lock
wallet-core-balanceapp  | 2024-11-14T02:54:23.846Z  INFO 16 --- [fc-walletcore-balance-updater] [           main] liquibase.command                        : Command execution complete
wallet-core-balanceapp  | 2024-11-14T02:54:23.895Z  INFO 16 --- [fc-walletcore-balance-updater] [           main] o.hibernate.jpa.internal.util.LogHelper  : HHH000204: Processing PersistenceUnitInfo [name: default]
wallet-core-balanceapp  | 2024-11-14T02:54:23.928Z  INFO 16 --- [fc-walletcore-balance-updater] [           main] org.hibernate.Version                    : HHH000412: Hibernate ORM core version 6.5.3.Final
wallet-core-balanceapp  | 2024-11-14T02:54:23.954Z  INFO 16 --- [fc-walletcore-balance-updater] [           main] o.h.c.internal.RegionFactoryInitiator    : HHH000026: Second-level cache disabled
wallet-core-balanceapp  | 2024-11-14T02:54:24.152Z  INFO 16 --- [fc-walletcore-balance-updater] [           main] o.s.o.j.p.SpringPersistenceUnitInfo      : No LoadTimeWeaver setup: ignoring JPA class transformer
wallet-core-balanceapp  | 2024-11-14T02:54:24.186Z  WARN 16 --- [fc-walletcore-balance-updater] [           main] org.hibernate.dialect.Dialect            : HHH000511: The 5.7.44 version for [org.hibernate.dialect.MySQLDialect] is no longer supported, hence certain features may not work properly. The minimum supported version is 8.0.0. Check the community dialects project for available legacy versions.
wallet-core-balanceapp  | 2024-11-14T02:54:24.651Z  INFO 16 --- [fc-walletcore-balance-updater] [           main] o.h.e.t.j.p.i.JtaPlatformInitiator       : HHH000489: No JTA platform available (set 'hibernate.transaction.jta.platform' to enable JTA platform integration)
wallet-core-balanceapp  | 2024-11-14T02:54:24.653Z  INFO 16 --- [fc-walletcore-balance-updater] [           main] j.LocalContainerEntityManagerFactoryBean : Initialized JPA EntityManagerFactory for persistence unit 'default'
wallet-core-balanceapp  | 2024-11-14T02:54:24.872Z  WARN 16 --- [fc-walletcore-balance-updater] [           main] JpaBaseConfiguration$JpaWebConfiguration : spring.jpa.open-in-view is enabled by default. Therefore, database queries may be performed during view rendering. Explicitly configure spring.jpa.open-in-view to disable this warning
wallet-core-balanceapp  | 2024-11-14T02:54:25.248Z  INFO 16 --- [fc-walletcore-balance-updater] [           main] o.a.k.clients.admin.AdminClientConfig    : AdminClientConfig values: 
wallet-core-balanceapp  | 	auto.include.jmx.reporter = true
wallet-core-balanceapp  | 	bootstrap.controllers = []
wallet-core-balanceapp  | 	bootstrap.servers = [kafka:29092]
wallet-core-balanceapp  | 	client.dns.lookup = use_all_dns_ips
wallet-core-balanceapp  | 	client.id = fc-walletcore-balance-updater-admin-0
wallet-core-balanceapp  | 	connections.max.idle.ms = 300000
wallet-core-balanceapp  | 	default.api.timeout.ms = 60000
wallet-core-balanceapp  | 	enable.metrics.push = true
wallet-core-balanceapp  | 	metadata.max.age.ms = 300000
wallet-core-balanceapp  | 	metric.reporters = []
wallet-core-balanceapp  | 	metrics.num.samples = 2
wallet-core-balanceapp  | 	metrics.recording.level = INFO
wallet-core-balanceapp  | 	metrics.sample.window.ms = 30000
wallet-core-balanceapp  | 	receive.buffer.bytes = 65536
wallet-core-balanceapp  | 	reconnect.backoff.max.ms = 1000
wallet-core-balanceapp  | 	reconnect.backoff.ms = 50
wallet-core-balanceapp  | 	request.timeout.ms = 30000
wallet-core-balanceapp  | 	retries = 2147483647
wallet-core-balanceapp  | 	retry.backoff.max.ms = 1000
wallet-core-balanceapp  | 	retry.backoff.ms = 100
wallet-core-balanceapp  | 	sasl.client.callback.handler.class = null
wallet-core-balanceapp  | 	sasl.jaas.config = null
wallet-core-balanceapp  | 	sasl.kerberos.kinit.cmd = /usr/bin/kinit
wallet-core-balanceapp  | 	sasl.kerberos.min.time.before.relogin = 60000
wallet-core-balanceapp  | 	sasl.kerberos.service.name = null
wallet-core-balanceapp  | 	sasl.kerberos.ticket.renew.jitter = 0.05
wallet-core-balanceapp  | 	sasl.kerberos.ticket.renew.window.factor = 0.8
wallet-core-balanceapp  | 	sasl.login.callback.handler.class = null
wallet-core-balanceapp  | 	sasl.login.class = null
wallet-core-balanceapp  | 	sasl.login.connect.timeout.ms = null
wallet-core-balanceapp  | 	sasl.login.read.timeout.ms = null
wallet-core-balanceapp  | 	sasl.login.refresh.buffer.seconds = 300
wallet-core-balanceapp  | 	sasl.login.refresh.min.period.seconds = 60
wallet-core-balanceapp  | 	sasl.login.refresh.window.factor = 0.8
wallet-core-balanceapp  | 	sasl.login.refresh.window.jitter = 0.05
wallet-core-balanceapp  | 	sasl.login.retry.backoff.max.ms = 10000
wallet-core-balanceapp  | 	sasl.login.retry.backoff.ms = 100
wallet-core-balanceapp  | 	sasl.mechanism = GSSAPI
wallet-core-balanceapp  | 	sasl.oauthbearer.clock.skew.seconds = 30
wallet-core-balanceapp  | 	sasl.oauthbearer.expected.audience = null
wallet-core-balanceapp  | 	sasl.oauthbearer.expected.issuer = null
wallet-core-balanceapp  | 	sasl.oauthbearer.jwks.endpoint.refresh.ms = 3600000
wallet-core-balanceapp  | 	sasl.oauthbearer.jwks.endpoint.retry.backoff.max.ms = 10000
wallet-core-balanceapp  | 	sasl.oauthbearer.jwks.endpoint.retry.backoff.ms = 100
wallet-core-balanceapp  | 	sasl.oauthbearer.jwks.endpoint.url = null
wallet-core-balanceapp  | 	sasl.oauthbearer.scope.claim.name = scope
wallet-core-balanceapp  | 	sasl.oauthbearer.sub.claim.name = sub
wallet-core-balanceapp  | 	sasl.oauthbearer.token.endpoint.url = null
wallet-core-balanceapp  | 	security.protocol = PLAINTEXT
wallet-core-balanceapp  | 	security.providers = null
wallet-core-balanceapp  | 	send.buffer.bytes = 131072
wallet-core-balanceapp  | 	socket.connection.setup.timeout.max.ms = 30000
wallet-core-balanceapp  | 	socket.connection.setup.timeout.ms = 10000
wallet-core-balanceapp  | 	ssl.cipher.suites = null
wallet-core-balanceapp  | 	ssl.enabled.protocols = [TLSv1.2, TLSv1.3]
wallet-core-balanceapp  | 	ssl.endpoint.identification.algorithm = https
wallet-core-balanceapp  | 	ssl.engine.factory.class = null
wallet-core-balanceapp  | 	ssl.key.password = null
wallet-core-balanceapp  | 	ssl.keymanager.algorithm = SunX509
wallet-core-balanceapp  | 	ssl.keystore.certificate.chain = null
wallet-core-balanceapp  | 	ssl.keystore.key = null
wallet-core-balanceapp  | 	ssl.keystore.location = null
wallet-core-balanceapp  | 	ssl.keystore.password = null
wallet-core-balanceapp  | 	ssl.keystore.type = JKS
wallet-core-balanceapp  | 	ssl.protocol = TLSv1.3
wallet-core-balanceapp  | 	ssl.provider = null
wallet-core-balanceapp  | 	ssl.secure.random.implementation = null
wallet-core-balanceapp  | 	ssl.trustmanager.algorithm = PKIX
wallet-core-balanceapp  | 	ssl.truststore.certificates = null
wallet-core-balanceapp  | 	ssl.truststore.location = null
wallet-core-balanceapp  | 	ssl.truststore.password = null
wallet-core-balanceapp  | 	ssl.truststore.type = JKS
wallet-core-balanceapp  | 
wallet-core-balanceapp  | 2024-11-14T02:54:30.266Z  WARN 16 --- [fc-walletcore-balance-updater] [           main] org.apache.kafka.clients.ClientUtils     : Couldn't resolve server kafka:29092 from bootstrap.servers as DNS resolution failed for kafka
wallet-core-balanceapp  | 2024-11-14T02:54:30.266Z ERROR 16 --- [fc-walletcore-balance-updater] [           main] o.springframework.kafka.core.KafkaAdmin  : Could not create admin
wallet-core-balanceapp  | 
wallet-core-balanceapp  | org.apache.kafka.common.KafkaException: Failed to create new KafkaAdminClient
wallet-core-balanceapp  | 	at org.apache.kafka.clients.admin.KafkaAdminClient.createInternal(KafkaAdminClient.java:541) ~[kafka-clients-3.7.1.jar!/:na]
wallet-core-balanceapp  | 	at org.apache.kafka.clients.admin.Admin.create(Admin.java:147) ~[kafka-clients-3.7.1.jar!/:na]
wallet-core-balanceapp  | 	at org.apache.kafka.clients.admin.AdminClient.create(AdminClient.java:49) ~[kafka-clients-3.7.1.jar!/:na]
wallet-core-balanceapp  | 	at org.springframework.kafka.core.KafkaAdmin.createAdmin(KafkaAdmin.java:393) ~[spring-kafka-3.2.4.jar!/:3.2.4]
wallet-core-balanceapp  | 	at org.springframework.kafka.core.KafkaAdmin.initialize(KafkaAdmin.java:256) ~[spring-kafka-3.2.4.jar!/:3.2.4]
wallet-core-balanceapp  | 	at org.springframework.kafka.core.KafkaAdmin.afterSingletonsInstantiated(KafkaAdmin.java:238) ~[spring-kafka-3.2.4.jar!/:3.2.4]
wallet-core-balanceapp  | 	at org.springframework.beans.factory.support.DefaultListableBeanFactory.preInstantiateSingletons(DefaultListableBeanFactory.java:986) ~[spring-beans-6.1.14.jar!/:6.1.14]
wallet-core-balanceapp  | 	at org.springframework.context.support.AbstractApplicationContext.finishBeanFactoryInitialization(AbstractApplicationContext.java:971) ~[spring-context-6.1.14.jar!/:6.1.14]
wallet-core-balanceapp  | 	at org.springframework.context.support.AbstractApplicationContext.refresh(AbstractApplicationContext.java:625) ~[spring-context-6.1.14.jar!/:6.1.14]
wallet-core-balanceapp  | 	at org.springframework.boot.web.servlet.context.ServletWebServerApplicationContext.refresh(ServletWebServerApplicationContext.java:146) ~[spring-boot-3.3.5.jar!/:3.3.5]
wallet-core-balanceapp  | 	at org.springframework.boot.SpringApplication.refresh(SpringApplication.java:754) ~[spring-boot-3.3.5.jar!/:3.3.5]
wallet-core-balanceapp  | 	at org.springframework.boot.SpringApplication.refreshContext(SpringApplication.java:456) ~[spring-boot-3.3.5.jar!/:3.3.5]
wallet-core-balanceapp  | 	at org.springframework.boot.SpringApplication.run(SpringApplication.java:335) ~[spring-boot-3.3.5.jar!/:3.3.5]
wallet-core-balanceapp  | 	at org.springframework.boot.SpringApplication.run(SpringApplication.java:1363) ~[spring-boot-3.3.5.jar!/:3.3.5]
wallet-core-balanceapp  | 	at org.springframework.boot.SpringApplication.run(SpringApplication.java:1352) ~[spring-boot-3.3.5.jar!/:3.3.5]
wallet-core-balanceapp  | 	at br.com.josenaldo.wbu.FcWalletcoreBalanceUpdaterApplication.main(FcWalletcoreBalanceUpdaterApplication.java:14) ~[!/:0.0.1-SNAPSHOT]
wallet-core-balanceapp  | 	at java.base/jdk.internal.reflect.DirectMethodHandleAccessor.invoke(Unknown Source) ~[na:na]
wallet-core-balanceapp  | 	at java.base/java.lang.reflect.Method.invoke(Unknown Source) ~[na:na]
wallet-core-balanceapp  | 	at org.springframework.boot.loader.launch.Launcher.launch(Launcher.java:102) ~[app.jar:0.0.1-SNAPSHOT]
wallet-core-balanceapp  | 	at org.springframework.boot.loader.launch.Launcher.launch(Launcher.java:64) ~[app.jar:0.0.1-SNAPSHOT]
wallet-core-balanceapp  | 	at org.springframework.boot.loader.launch.JarLauncher.main(JarLauncher.java:40) ~[app.jar:0.0.1-SNAPSHOT]
wallet-core-balanceapp  | Caused by: org.apache.kafka.common.config.ConfigException: No resolvable bootstrap urls given in bootstrap.servers
wallet-core-balanceapp  | 	at org.apache.kafka.clients.ClientUtils.parseAndValidateAddresses(ClientUtils.java:103) ~[kafka-clients-3.7.1.jar!/:na]
wallet-core-balanceapp  | 	at org.apache.kafka.clients.ClientUtils.parseAndValidateAddresses(ClientUtils.java:62) ~[kafka-clients-3.7.1.jar!/:na]
wallet-core-balanceapp  | 	at org.apache.kafka.clients.admin.internals.AdminBootstrapAddresses.fromConfig(AdminBootstrapAddresses.java:72) ~[kafka-clients-3.7.1.jar!/:na]
wallet-core-balanceapp  | 	at org.apache.kafka.clients.admin.KafkaAdminClient.createInternal(KafkaAdminClient.java:510) ~[kafka-clients-3.7.1.jar!/:na]
wallet-core-balanceapp  | 	... 20 common frames omitted
wallet-core-balanceapp  | 
wallet-core-balanceapp  | 2024-11-14T02:54:30.299Z  INFO 16 --- [fc-walletcore-balance-updater] [           main] o.s.b.w.embedded.tomcat.TomcatWebServer  : Tomcat started on port 3003 (http) with context path '/'
wallet-core-balanceapp  | 2024-11-14T02:54:30.312Z  INFO 16 --- [fc-walletcore-balance-updater] [           main] o.a.k.clients.consumer.ConsumerConfig    : ConsumerConfig values: 
wallet-core-balanceapp  | 	allow.auto.create.topics = true
wallet-core-balanceapp  | 	auto.commit.interval.ms = 5000
wallet-core-balanceapp  | 	auto.include.jmx.reporter = true
wallet-core-balanceapp  | 	auto.offset.reset = latest
wallet-core-balanceapp  | 	bootstrap.servers = [kafka:29092]
wallet-core-balanceapp  | 	check.crcs = true
wallet-core-balanceapp  | 	client.dns.lookup = use_all_dns_ips
wallet-core-balanceapp  | 	client.id = consumer-balance-updater-1
wallet-core-balanceapp  | 	client.rack = 
wallet-core-balanceapp  | 	connections.max.idle.ms = 540000
wallet-core-balanceapp  | 	default.api.timeout.ms = 60000
wallet-core-balanceapp  | 	enable.auto.commit = false
wallet-core-balanceapp  | 	enable.metrics.push = true
wallet-core-balanceapp  | 	exclude.internal.topics = true
wallet-core-balanceapp  | 	fetch.max.bytes = 52428800
wallet-core-balanceapp  | 	fetch.max.wait.ms = 500
wallet-core-balanceapp  | 	fetch.min.bytes = 1
wallet-core-balanceapp  | 	group.id = balance-updater
wallet-core-balanceapp  | 	group.instance.id = null
wallet-core-balanceapp  | 	group.protocol = classic
wallet-core-balanceapp  | 	group.remote.assignor = null
wallet-core-balanceapp  | 	heartbeat.interval.ms = 3000
wallet-core-balanceapp  | 	interceptor.classes = []
wallet-core-balanceapp  | 	internal.leave.group.on.close = true
wallet-core-balanceapp  | 	internal.throw.on.fetch.stable.offset.unsupported = false
wallet-core-balanceapp  | 	isolation.level = read_uncommitted
wallet-core-balanceapp  | 	key.deserializer = class org.apache.kafka.common.serialization.StringDeserializer
wallet-core-balanceapp  | 	max.partition.fetch.bytes = 1048576
wallet-core-balanceapp  | 	max.poll.interval.ms = 300000
wallet-core-balanceapp  | 	max.poll.records = 500
wallet-core-balanceapp  | 	metadata.max.age.ms = 300000
wallet-core-balanceapp  | 	metric.reporters = []
wallet-core-balanceapp  | 	metrics.num.samples = 2
wallet-core-balanceapp  | 	metrics.recording.level = INFO
wallet-core-balanceapp  | 	metrics.sample.window.ms = 30000
wallet-core-balanceapp  | 	partition.assignment.strategy = [class org.apache.kafka.clients.consumer.RangeAssignor, class org.apache.kafka.clients.consumer.CooperativeStickyAssignor]
wallet-core-balanceapp  | 	receive.buffer.bytes = 65536
wallet-core-balanceapp  | 	reconnect.backoff.max.ms = 1000
wallet-core-balanceapp  | 	reconnect.backoff.ms = 50
wallet-core-balanceapp  | 	request.timeout.ms = 30000
wallet-core-balanceapp  | 	retry.backoff.max.ms = 1000
wallet-core-balanceapp  | 	retry.backoff.ms = 100
wallet-core-balanceapp  | 	sasl.client.callback.handler.class = null
wallet-core-balanceapp  | 	sasl.jaas.config = null
wallet-core-balanceapp  | 	sasl.kerberos.kinit.cmd = /usr/bin/kinit
wallet-core-balanceapp  | 	sasl.kerberos.min.time.before.relogin = 60000
wallet-core-balanceapp  | 	sasl.kerberos.service.name = null
wallet-core-balanceapp  | 	sasl.kerberos.ticket.renew.jitter = 0.05
wallet-core-balanceapp  | 	sasl.kerberos.ticket.renew.window.factor = 0.8
wallet-core-balanceapp  | 	sasl.login.callback.handler.class = null
wallet-core-balanceapp  | 	sasl.login.class = null
wallet-core-balanceapp  | 	sasl.login.connect.timeout.ms = null
wallet-core-balanceapp  | 	sasl.login.read.timeout.ms = null
wallet-core-balanceapp  | 	sasl.login.refresh.buffer.seconds = 300
wallet-core-balanceapp  | 	sasl.login.refresh.min.period.seconds = 60
wallet-core-balanceapp  | 	sasl.login.refresh.window.factor = 0.8
wallet-core-balanceapp  | 	sasl.login.refresh.window.jitter = 0.05
wallet-core-balanceapp  | 	sasl.login.retry.backoff.max.ms = 10000
wallet-core-balanceapp  | 	sasl.login.retry.backoff.ms = 100
wallet-core-balanceapp  | 	sasl.mechanism = GSSAPI
wallet-core-balanceapp  | 	sasl.oauthbearer.clock.skew.seconds = 30
wallet-core-balanceapp  | 	sasl.oauthbearer.expected.audience = null
wallet-core-balanceapp  | 	sasl.oauthbearer.expected.issuer = null
wallet-core-balanceapp  | 	sasl.oauthbearer.jwks.endpoint.refresh.ms = 3600000
wallet-core-balanceapp  | 	sasl.oauthbearer.jwks.endpoint.retry.backoff.max.ms = 10000
wallet-core-balanceapp  | 	sasl.oauthbearer.jwks.endpoint.retry.backoff.ms = 100
wallet-core-balanceapp  | 	sasl.oauthbearer.jwks.endpoint.url = null
wallet-core-balanceapp  | 	sasl.oauthbearer.scope.claim.name = scope
wallet-core-balanceapp  | 	sasl.oauthbearer.sub.claim.name = sub
wallet-core-balanceapp  | 	sasl.oauthbearer.token.endpoint.url = null
wallet-core-balanceapp  | 	security.protocol = PLAINTEXT
wallet-core-balanceapp  | 	security.providers = null
wallet-core-balanceapp  | 	send.buffer.bytes = 131072
wallet-core-balanceapp  | 	session.timeout.ms = 45000
wallet-core-balanceapp  | 	socket.connection.setup.timeout.max.ms = 30000
wallet-core-balanceapp  | 	socket.connection.setup.timeout.ms = 10000
wallet-core-balanceapp  | 	ssl.cipher.suites = null
wallet-core-balanceapp  | 	ssl.enabled.protocols = [TLSv1.2, TLSv1.3]
wallet-core-balanceapp  | 	ssl.endpoint.identification.algorithm = https
wallet-core-balanceapp  | 	ssl.engine.factory.class = null
wallet-core-balanceapp  | 	ssl.key.password = null
wallet-core-balanceapp  | 	ssl.keymanager.algorithm = SunX509
wallet-core-balanceapp  | 	ssl.keystore.certificate.chain = null
wallet-core-balanceapp  | 	ssl.keystore.key = null
wallet-core-balanceapp  | 	ssl.keystore.location = null
wallet-core-balanceapp  | 	ssl.keystore.password = null
wallet-core-balanceapp  | 	ssl.keystore.type = JKS
wallet-core-balanceapp  | 	ssl.protocol = TLSv1.3
wallet-core-balanceapp  | 	ssl.provider = null
wallet-core-balanceapp  | 	ssl.secure.random.implementation = null
wallet-core-balanceapp  | 	ssl.trustmanager.algorithm = PKIX
wallet-core-balanceapp  | 	ssl.truststore.certificates = null
wallet-core-balanceapp  | 	ssl.truststore.location = null
wallet-core-balanceapp  | 	ssl.truststore.password = null
wallet-core-balanceapp  | 	ssl.truststore.type = JKS
wallet-core-balanceapp  | 	value.deserializer = class org.apache.kafka.common.serialization.StringDeserializer
wallet-core-balanceapp  | 
wallet-core-balanceapp  | 2024-11-14T02:54:30.342Z  INFO 16 --- [fc-walletcore-balance-updater] [           main] o.a.k.c.t.i.KafkaMetricsCollector        : initializing Kafka metrics collector
wallet-core-balanceapp  | 2024-11-14T02:54:30.395Z  WARN 16 --- [fc-walletcore-balance-updater] [           main] org.apache.kafka.clients.ClientUtils     : Couldn't resolve server kafka:29092 from bootstrap.servers as DNS resolution failed for kafka
wallet-core-balanceapp  | 2024-11-14T02:54:30.396Z  INFO 16 --- [fc-walletcore-balance-updater] [           main] o.apache.kafka.common.metrics.Metrics    : Metrics scheduler closed
wallet-core-balanceapp  | 2024-11-14T02:54:30.396Z  INFO 16 --- [fc-walletcore-balance-updater] [           main] o.apache.kafka.common.metrics.Metrics    : Closing reporter org.apache.kafka.common.metrics.JmxReporter
wallet-core-balanceapp  | 2024-11-14T02:54:30.396Z  INFO 16 --- [fc-walletcore-balance-updater] [           main] o.apache.kafka.common.metrics.Metrics    : Closing reporter org.apache.kafka.common.telemetry.internals.ClientTelemetryReporter
wallet-core-balanceapp  | 2024-11-14T02:54:30.396Z  INFO 16 --- [fc-walletcore-balance-updater] [           main] o.apache.kafka.common.metrics.Metrics    : Metrics reporters closed
wallet-core-balanceapp  | 2024-11-14T02:54:30.397Z  INFO 16 --- [fc-walletcore-balance-updater] [           main] o.a.kafka.common.utils.AppInfoParser     : App info kafka.consumer for consumer-balance-updater-1 unregistered
wallet-core-balanceapp  | 2024-11-14T02:54:30.401Z  WARN 16 --- [fc-walletcore-balance-updater] [           main] ConfigServletWebServerApplicationContext : Exception encountered during context initialization - cancelling refresh attempt: org.springframework.context.ApplicationContextException: Failed to start bean 'org.springframework.kafka.config.internalKafkaListenerEndpointRegistry'
wallet-core-balanceapp  | 2024-11-14T02:54:30.402Z  INFO 16 --- [fc-walletcore-balance-updater] [           main] j.LocalContainerEntityManagerFactoryBean : Closing JPA EntityManagerFactory for persistence unit 'default'
wallet-core-balanceapp  | 2024-11-14T02:54:30.404Z  INFO 16 --- [fc-walletcore-balance-updater] [           main] com.zaxxer.hikari.HikariDataSource       : HikariPool-1 - Shutdown initiated...
wallet-core-balanceapp  | 2024-11-14T02:54:30.407Z  INFO 16 --- [fc-walletcore-balance-updater] [           main] com.zaxxer.hikari.HikariDataSource       : HikariPool-1 - Shutdown completed.
wallet-core-balanceapp  | 2024-11-14T02:54:30.414Z  INFO 16 --- [fc-walletcore-balance-updater] [           main] .s.b.a.l.ConditionEvaluationReportLogger : 
wallet-core-balanceapp  | 
wallet-core-balanceapp  | Error starting ApplicationContext. To display the condition evaluation report re-run your application with 'debug' enabled.
wallet-core-balanceapp  | 2024-11-14T02:54:30.423Z ERROR 16 --- [fc-walletcore-balance-updater] [           main] o.s.boot.SpringApplication               : Application run failed
wallet-core-balanceapp  | 
wallet-core-balanceapp  | org.springframework.context.ApplicationContextException: Failed to start bean 'org.springframework.kafka.config.internalKafkaListenerEndpointRegistry'
wallet-core-balanceapp  | 	at org.springframework.context.support.DefaultLifecycleProcessor.doStart(DefaultLifecycleProcessor.java:288) ~[spring-context-6.1.14.jar!/:6.1.14]
wallet-core-balanceapp  | 	at org.springframework.context.support.DefaultLifecycleProcessor$LifecycleGroup.start(DefaultLifecycleProcessor.java:472) ~[spring-context-6.1.14.jar!/:6.1.14]
wallet-core-balanceapp  | 	at java.base/java.lang.Iterable.forEach(Unknown Source) ~[na:na]
wallet-core-balanceapp  | 	at org.springframework.context.support.DefaultLifecycleProcessor.startBeans(DefaultLifecycleProcessor.java:257) ~[spring-context-6.1.14.jar!/:6.1.14]
wallet-core-balanceapp  | 	at org.springframework.context.support.DefaultLifecycleProcessor.onRefresh(DefaultLifecycleProcessor.java:202) ~[spring-context-6.1.14.jar!/:6.1.14]
wallet-core-balanceapp  | 	at org.springframework.context.support.AbstractApplicationContext.finishRefresh(AbstractApplicationContext.java:990) ~[spring-context-6.1.14.jar!/:6.1.14]
wallet-core-balanceapp  | 	at org.springframework.context.support.AbstractApplicationContext.refresh(AbstractApplicationContext.java:628) ~[spring-context-6.1.14.jar!/:6.1.14]
wallet-core-balanceapp  | 	at org.springframework.boot.web.servlet.context.ServletWebServerApplicationContext.refresh(ServletWebServerApplicationContext.java:146) ~[spring-boot-3.3.5.jar!/:3.3.5]
wallet-core-balanceapp  | 	at org.springframework.boot.SpringApplication.refresh(SpringApplication.java:754) ~[spring-boot-3.3.5.jar!/:3.3.5]
wallet-core-balanceapp  | 	at org.springframework.boot.SpringApplication.refreshContext(SpringApplication.java:456) ~[spring-boot-3.3.5.jar!/:3.3.5]
wallet-core-balanceapp  | 	at org.springframework.boot.SpringApplication.run(SpringApplication.java:335) ~[spring-boot-3.3.5.jar!/:3.3.5]
wallet-core-balanceapp  | 	at org.springframework.boot.SpringApplication.run(SpringApplication.java:1363) ~[spring-boot-3.3.5.jar!/:3.3.5]
wallet-core-balanceapp  | 	at org.springframework.boot.SpringApplication.run(SpringApplication.java:1352) ~[spring-boot-3.3.5.jar!/:3.3.5]
wallet-core-balanceapp  | 	at br.com.josenaldo.wbu.FcWalletcoreBalanceUpdaterApplication.main(FcWalletcoreBalanceUpdaterApplication.java:14) ~[!/:0.0.1-SNAPSHOT]
wallet-core-balanceapp  | 	at java.base/jdk.internal.reflect.DirectMethodHandleAccessor.invoke(Unknown Source) ~[na:na]
wallet-core-balanceapp  | 	at java.base/java.lang.reflect.Method.invoke(Unknown Source) ~[na:na]
wallet-core-balanceapp  | 	at org.springframework.boot.loader.launch.Launcher.launch(Launcher.java:102) ~[app.jar:0.0.1-SNAPSHOT]
wallet-core-balanceapp  | 	at org.springframework.boot.loader.launch.Launcher.launch(Launcher.java:64) ~[app.jar:0.0.1-SNAPSHOT]
wallet-core-balanceapp  | 	at org.springframework.boot.loader.launch.JarLauncher.main(JarLauncher.java:40) ~[app.jar:0.0.1-SNAPSHOT]
wallet-core-balanceapp  | Caused by: org.apache.kafka.common.KafkaException: Failed to construct kafka consumer
wallet-core-balanceapp  | 	at org.apache.kafka.clients.consumer.internals.LegacyKafkaConsumer.<init>(LegacyKafkaConsumer.java:264) ~[kafka-clients-3.7.1.jar!/:na]
wallet-core-balanceapp  | 	at org.apache.kafka.clients.consumer.internals.ConsumerDelegateCreator.create(ConsumerDelegateCreator.java:65) ~[kafka-clients-3.7.1.jar!/:na]
wallet-core-balanceapp  | 	at org.apache.kafka.clients.consumer.KafkaConsumer.<init>(KafkaConsumer.java:600) ~[kafka-clients-3.7.1.jar!/:na]
wallet-core-balanceapp  | 	at org.apache.kafka.clients.consumer.KafkaConsumer.<init>(KafkaConsumer.java:595) ~[kafka-clients-3.7.1.jar!/:na]
wallet-core-balanceapp  | 	at org.springframework.kafka.core.DefaultKafkaConsumerFactory$ExtendedKafkaConsumer.<init>(DefaultKafkaConsumerFactory.java:506) ~[spring-kafka-3.2.4.jar!/:3.2.4]
wallet-core-balanceapp  | 	at org.springframework.kafka.core.DefaultKafkaConsumerFactory.createRawConsumer(DefaultKafkaConsumerFactory.java:485) ~[spring-kafka-3.2.4.jar!/:3.2.4]
wallet-core-balanceapp  | 	at org.springframework.kafka.core.DefaultKafkaConsumerFactory.createKafkaConsumer(DefaultKafkaConsumerFactory.java:462) ~[spring-kafka-3.2.4.jar!/:3.2.4]
wallet-core-balanceapp  | 	at org.springframework.kafka.core.DefaultKafkaConsumerFactory.createConsumerWithAdjustedProperties(DefaultKafkaConsumerFactory.java:439) ~[spring-kafka-3.2.4.jar!/:3.2.4]
wallet-core-balanceapp  | 	at org.springframework.kafka.core.DefaultKafkaConsumerFactory.createKafkaConsumer(DefaultKafkaConsumerFactory.java:406) ~[spring-kafka-3.2.4.jar!/:3.2.4]
wallet-core-balanceapp  | 	at org.springframework.kafka.core.DefaultKafkaConsumerFactory.createConsumer(DefaultKafkaConsumerFactory.java:367) ~[spring-kafka-3.2.4.jar!/:3.2.4]
wallet-core-balanceapp  | 	at org.springframework.kafka.listener.KafkaMessageListenerContainer$ListenerConsumer.<init>(KafkaMessageListenerContainer.java:866) ~[spring-kafka-3.2.4.jar!/:3.2.4]
wallet-core-balanceapp  | 	at org.springframework.kafka.listener.KafkaMessageListenerContainer.doStart(KafkaMessageListenerContainer.java:379) ~[spring-kafka-3.2.4.jar!/:3.2.4]
wallet-core-balanceapp  | 	at org.springframework.kafka.listener.AbstractMessageListenerContainer.start(AbstractMessageListenerContainer.java:519) ~[spring-kafka-3.2.4.jar!/:3.2.4]
wallet-core-balanceapp  | 	at org.springframework.kafka.listener.ConcurrentMessageListenerContainer.doStart(ConcurrentMessageListenerContainer.java:255) ~[spring-kafka-3.2.4.jar!/:3.2.4]
wallet-core-balanceapp  | 	at org.springframework.kafka.listener.AbstractMessageListenerContainer.start(AbstractMessageListenerContainer.java:519) ~[spring-kafka-3.2.4.jar!/:3.2.4]
wallet-core-balanceapp  | 	at org.springframework.kafka.config.KafkaListenerEndpointRegistry.startIfNecessary(KafkaListenerEndpointRegistry.java:436) ~[spring-kafka-3.2.4.jar!/:3.2.4]
wallet-core-balanceapp  | 	at org.springframework.kafka.config.KafkaListenerEndpointRegistry.start(KafkaListenerEndpointRegistry.java:382) ~[spring-kafka-3.2.4.jar!/:3.2.4]
wallet-core-balanceapp  | 	at org.springframework.context.support.DefaultLifecycleProcessor.doStart(DefaultLifecycleProcessor.java:285) ~[spring-context-6.1.14.jar!/:6.1.14]
wallet-core-balanceapp  | 	... 18 common frames omitted
wallet-core-balanceapp  | Caused by: org.apache.kafka.common.config.ConfigException: No resolvable bootstrap urls given in bootstrap.servers
wallet-core-balanceapp  | 	at org.apache.kafka.clients.ClientUtils.parseAndValidateAddresses(ClientUtils.java:103) ~[kafka-clients-3.7.1.jar!/:na]
wallet-core-balanceapp  | 	at org.apache.kafka.clients.ClientUtils.parseAndValidateAddresses(ClientUtils.java:62) ~[kafka-clients-3.7.1.jar!/:na]
wallet-core-balanceapp  | 	at org.apache.kafka.clients.ClientUtils.parseAndValidateAddresses(ClientUtils.java:58) ~[kafka-clients-3.7.1.jar!/:na]
wallet-core-balanceapp  | 	at org.apache.kafka.clients.consumer.internals.LegacyKafkaConsumer.<init>(LegacyKafkaConsumer.java:183) ~[kafka-clients-3.7.1.jar!/:na]
wallet-core-balanceapp  | 	... 35 common frames omitted
wallet-core-balanceapp  | 
wallet-core-balanceapp  | Waiting for MySQL to be ready...
wallet-core-balanceapp  | MySQL is up and running.
wallet-core-balanceapp  | 
wallet-core-balanceapp  |   .   ____          _            __ _ _
wallet-core-balanceapp  |  /\\ / ___'_ __ _ _(_)_ __  __ _ \ \ \ \
wallet-core-balanceapp  | ( ( )\___ | '_ | '_| | '_ \/ _` | \ \ \ \
wallet-core-balanceapp  |  \\/  ___)| |_)| | | | | || (_| |  ) ) ) )
wallet-core-balanceapp  |   '  |____| .__|_| |_|_| |_\__, | / / / /
wallet-core-balanceapp  |  =========|_|==============|___/=/_/_/_/
wallet-core-balanceapp  | 
wallet-core-balanceapp  |  :: Spring Boot ::                (v3.3.5)
wallet-core-balanceapp  | 
wallet-core-balanceapp  | 2024-11-14T02:56:50.083Z  INFO 8 --- [fc-walletcore-balance-updater] [           main] .w.FcWalletcoreBalanceUpdaterApplication : Starting FcWalletcoreBalanceUpdaterApplication v0.0.1-SNAPSHOT using Java 23.0.1 with PID 8 (/opt/app/app.jar started by root in /opt/app)
wallet-core-balanceapp  | 2024-11-14T02:56:50.085Z  INFO 8 --- [fc-walletcore-balance-updater] [           main] .w.FcWalletcoreBalanceUpdaterApplication : The following 1 profile is active: "prod"
wallet-core-balanceapp  | 2024-11-14T02:56:50.424Z  INFO 8 --- [fc-walletcore-balance-updater] [           main] .s.d.r.c.RepositoryConfigurationDelegate : Bootstrapping Spring Data JPA repositories in DEFAULT mode.
wallet-core-balanceapp  | 2024-11-14T02:56:50.448Z  INFO 8 --- [fc-walletcore-balance-updater] [           main] .s.d.r.c.RepositoryConfigurationDelegate : Finished Spring Data repository scanning in 18 ms. Found 1 JPA repository interface.
wallet-core-balanceapp  | 2024-11-14T02:56:50.969Z  INFO 8 --- [fc-walletcore-balance-updater] [           main] o.s.b.w.embedded.tomcat.TomcatWebServer  : Tomcat initialized with port 3003 (http)
wallet-core-balanceapp  | 2024-11-14T02:56:50.983Z  INFO 8 --- [fc-walletcore-balance-updater] [           main] o.apache.catalina.core.StandardService   : Starting service [Tomcat]
wallet-core-balanceapp  | 2024-11-14T02:56:50.983Z  INFO 8 --- [fc-walletcore-balance-updater] [           main] o.apache.catalina.core.StandardEngine    : Starting Servlet engine: [Apache Tomcat/10.1.31]
wallet-core-balanceapp  | 2024-11-14T02:56:51.014Z  INFO 8 --- [fc-walletcore-balance-updater] [           main] o.a.c.c.C.[Tomcat].[localhost].[/]       : Initializing Spring embedded WebApplicationContext
wallet-core-balanceapp  | 2024-11-14T02:56:51.015Z  INFO 8 --- [fc-walletcore-balance-updater] [           main] w.s.c.ServletWebServerApplicationContext : Root WebApplicationContext: initialization completed in 891 ms
wallet-core-balanceapp  | 2024-11-14T02:56:51.140Z  INFO 8 --- [fc-walletcore-balance-updater] [           main] com.zaxxer.hikari.HikariDataSource       : HikariPool-1 - Starting...
wallet-core-balanceapp  | 2024-11-14T02:56:51.375Z  INFO 8 --- [fc-walletcore-balance-updater] [           main] com.zaxxer.hikari.pool.HikariPool        : HikariPool-1 - Added connection com.mysql.cj.jdbc.ConnectionImpl@8e99809
wallet-core-balanceapp  | 2024-11-14T02:56:51.377Z  INFO 8 --- [fc-walletcore-balance-updater] [           main] com.zaxxer.hikari.HikariDataSource       : HikariPool-1 - Start completed.
wallet-core-balanceapp  | 2024-11-14T02:56:51.758Z  INFO 8 --- [fc-walletcore-balance-updater] [           main] liquibase.changelog                      : Reading from balances.DATABASECHANGELOG
wallet-core-balanceapp  | 2024-11-14T02:56:51.786Z  INFO 8 --- [fc-walletcore-balance-updater] [           main] liquibase.ui                             : Database is up to date, no changesets to execute
wallet-core-balanceapp  | 2024-11-14T02:56:51.787Z  INFO 8 --- [fc-walletcore-balance-updater] [           main] liquibase.changelog                      : Reading from balances.DATABASECHANGELOG
wallet-core-balanceapp  | 2024-11-14T02:56:51.793Z  INFO 8 --- [fc-walletcore-balance-updater] [           main] liquibase.util                           : UPDATE SUMMARY
wallet-core-balanceapp  | 2024-11-14T02:56:51.793Z  INFO 8 --- [fc-walletcore-balance-updater] [           main] liquibase.util                           : Run:                          0
wallet-core-balanceapp  | 2024-11-14T02:56:51.793Z  INFO 8 --- [fc-walletcore-balance-updater] [           main] liquibase.util                           : Previously run:               2
wallet-core-balanceapp  | 2024-11-14T02:56:51.793Z  INFO 8 --- [fc-walletcore-balance-updater] [           main] liquibase.util                           : Filtered out:                 0
wallet-core-balanceapp  | 2024-11-14T02:56:51.793Z  INFO 8 --- [fc-walletcore-balance-updater] [           main] liquibase.util                           : -------------------------------
wallet-core-balanceapp  | 2024-11-14T02:56:51.793Z  INFO 8 --- [fc-walletcore-balance-updater] [           main] liquibase.util                           : Total change sets:            2
wallet-core-balanceapp  | 2024-11-14T02:56:51.793Z  INFO 8 --- [fc-walletcore-balance-updater] [           main] liquibase.util                           : Update summary generated
wallet-core-balanceapp  | 2024-11-14T02:56:51.804Z  INFO 8 --- [fc-walletcore-balance-updater] [           main] liquibase.lockservice                    : Successfully released change log lock
wallet-core-balanceapp  | 2024-11-14T02:56:51.805Z  INFO 8 --- [fc-walletcore-balance-updater] [           main] liquibase.command                        : Command execution complete
wallet-core-balanceapp  | 2024-11-14T02:56:51.850Z  INFO 8 --- [fc-walletcore-balance-updater] [           main] o.hibernate.jpa.internal.util.LogHelper  : HHH000204: Processing PersistenceUnitInfo [name: default]
wallet-core-balanceapp  | 2024-11-14T02:56:51.881Z  INFO 8 --- [fc-walletcore-balance-updater] [           main] org.hibernate.Version                    : HHH000412: Hibernate ORM core version 6.5.3.Final
wallet-core-balanceapp  | 2024-11-14T02:56:51.900Z  INFO 8 --- [fc-walletcore-balance-updater] [           main] o.h.c.internal.RegionFactoryInitiator    : HHH000026: Second-level cache disabled
wallet-core-balanceapp  | 2024-11-14T02:56:52.070Z  INFO 8 --- [fc-walletcore-balance-updater] [           main] o.s.o.j.p.SpringPersistenceUnitInfo      : No LoadTimeWeaver setup: ignoring JPA class transformer
wallet-core-balanceapp  | 2024-11-14T02:56:52.100Z  WARN 8 --- [fc-walletcore-balance-updater] [           main] org.hibernate.dialect.Dialect            : HHH000511: The 5.7.44 version for [org.hibernate.dialect.MySQLDialect] is no longer supported, hence certain features may not work properly. The minimum supported version is 8.0.0. Check the community dialects project for available legacy versions.
wallet-core-balanceapp  | 2024-11-14T02:56:52.554Z  INFO 8 --- [fc-walletcore-balance-updater] [           main] o.h.e.t.j.p.i.JtaPlatformInitiator       : HHH000489: No JTA platform available (set 'hibernate.transaction.jta.platform' to enable JTA platform integration)
wallet-core-balanceapp  | 2024-11-14T02:56:52.556Z  INFO 8 --- [fc-walletcore-balance-updater] [           main] j.LocalContainerEntityManagerFactoryBean : Initialized JPA EntityManagerFactory for persistence unit 'default'
wallet-core-balanceapp  | 2024-11-14T02:56:52.773Z  WARN 8 --- [fc-walletcore-balance-updater] [           main] JpaBaseConfiguration$JpaWebConfiguration : spring.jpa.open-in-view is enabled by default. Therefore, database queries may be performed during view rendering. Explicitly configure spring.jpa.open-in-view to disable this warning
wallet-core-balanceapp  | 2024-11-14T02:56:53.055Z  INFO 8 --- [fc-walletcore-balance-updater] [           main] o.a.k.clients.admin.AdminClientConfig    : AdminClientConfig values: 
wallet-core-balanceapp  | 	auto.include.jmx.reporter = true
wallet-core-balanceapp  | 	bootstrap.controllers = []
wallet-core-balanceapp  | 	bootstrap.servers = [kafka:29092]
wallet-core-balanceapp  | 	client.dns.lookup = use_all_dns_ips
wallet-core-balanceapp  | 	client.id = fc-walletcore-balance-updater-admin-0
wallet-core-balanceapp  | 	connections.max.idle.ms = 300000
wallet-core-balanceapp  | 	default.api.timeout.ms = 60000
wallet-core-balanceapp  | 	enable.metrics.push = true
wallet-core-balanceapp  | 	metadata.max.age.ms = 300000
wallet-core-balanceapp  | 	metric.reporters = []
wallet-core-balanceapp  | 	metrics.num.samples = 2
wallet-core-balanceapp  | 	metrics.recording.level = INFO
wallet-core-balanceapp  | 	metrics.sample.window.ms = 30000
wallet-core-balanceapp  | 	receive.buffer.bytes = 65536
wallet-core-balanceapp  | 	reconnect.backoff.max.ms = 1000
wallet-core-balanceapp  | 	reconnect.backoff.ms = 50
wallet-core-balanceapp  | 	request.timeout.ms = 30000
wallet-core-balanceapp  | 	retries = 2147483647
wallet-core-balanceapp  | 	retry.backoff.max.ms = 1000
wallet-core-balanceapp  | 	retry.backoff.ms = 100
wallet-core-balanceapp  | 	sasl.client.callback.handler.class = null
wallet-core-balanceapp  | 	sasl.jaas.config = null
wallet-core-balanceapp  | 	sasl.kerberos.kinit.cmd = /usr/bin/kinit
wallet-core-balanceapp  | 	sasl.kerberos.min.time.before.relogin = 60000
wallet-core-balanceapp  | 	sasl.kerberos.service.name = null
wallet-core-balanceapp  | 	sasl.kerberos.ticket.renew.jitter = 0.05
wallet-core-balanceapp  | 	sasl.kerberos.ticket.renew.window.factor = 0.8
wallet-core-balanceapp  | 	sasl.login.callback.handler.class = null
wallet-core-balanceapp  | 	sasl.login.class = null
wallet-core-balanceapp  | 	sasl.login.connect.timeout.ms = null
wallet-core-balanceapp  | 	sasl.login.read.timeout.ms = null
wallet-core-balanceapp  | 	sasl.login.refresh.buffer.seconds = 300
wallet-core-balanceapp  | 	sasl.login.refresh.min.period.seconds = 60
wallet-core-balanceapp  | 	sasl.login.refresh.window.factor = 0.8
wallet-core-balanceapp  | 	sasl.login.refresh.window.jitter = 0.05
wallet-core-balanceapp  | 	sasl.login.retry.backoff.max.ms = 10000
wallet-core-balanceapp  | 	sasl.login.retry.backoff.ms = 100
wallet-core-balanceapp  | 	sasl.mechanism = GSSAPI
wallet-core-balanceapp  | 	sasl.oauthbearer.clock.skew.seconds = 30
wallet-core-balanceapp  | 	sasl.oauthbearer.expected.audience = null
wallet-core-balanceapp  | 	sasl.oauthbearer.expected.issuer = null
wallet-core-balanceapp  | 	sasl.oauthbearer.jwks.endpoint.refresh.ms = 3600000
wallet-core-balanceapp  | 	sasl.oauthbearer.jwks.endpoint.retry.backoff.max.ms = 10000
wallet-core-balanceapp  | 	sasl.oauthbearer.jwks.endpoint.retry.backoff.ms = 100
wallet-core-balanceapp  | 	sasl.oauthbearer.jwks.endpoint.url = null
wallet-core-balanceapp  | 	sasl.oauthbearer.scope.claim.name = scope
wallet-core-balanceapp  | 	sasl.oauthbearer.sub.claim.name = sub
wallet-core-balanceapp  | 	sasl.oauthbearer.token.endpoint.url = null
wallet-core-balanceapp  | 	security.protocol = PLAINTEXT
wallet-core-balanceapp  | 	security.providers = null
wallet-core-balanceapp  | 	send.buffer.bytes = 131072
wallet-core-balanceapp  | 	socket.connection.setup.timeout.max.ms = 30000
wallet-core-balanceapp  | 	socket.connection.setup.timeout.ms = 10000
wallet-core-balanceapp  | 	ssl.cipher.suites = null
wallet-core-balanceapp  | 	ssl.enabled.protocols = [TLSv1.2, TLSv1.3]
wallet-core-balanceapp  | 	ssl.endpoint.identification.algorithm = https
wallet-core-balanceapp  | 	ssl.engine.factory.class = null
wallet-core-balanceapp  | 	ssl.key.password = null
wallet-core-balanceapp  | 	ssl.keymanager.algorithm = SunX509
wallet-core-balanceapp  | 	ssl.keystore.certificate.chain = null
wallet-core-balanceapp  | 	ssl.keystore.key = null
wallet-core-balanceapp  | 	ssl.keystore.location = null
wallet-core-balanceapp  | 	ssl.keystore.password = null
wallet-core-balanceapp  | 	ssl.keystore.type = JKS
wallet-core-balanceapp  | 	ssl.protocol = TLSv1.3
wallet-core-balanceapp  | 	ssl.provider = null
wallet-core-balanceapp  | 	ssl.secure.random.implementation = null
wallet-core-balanceapp  | 	ssl.trustmanager.algorithm = PKIX
wallet-core-balanceapp  | 	ssl.truststore.certificates = null
wallet-core-balanceapp  | 	ssl.truststore.location = null
wallet-core-balanceapp  | 	ssl.truststore.password = null
wallet-core-balanceapp  | 	ssl.truststore.type = JKS
wallet-core-balanceapp  | 
wallet-core-balanceapp  | 2024-11-14T02:56:58.073Z  WARN 8 --- [fc-walletcore-balance-updater] [           main] org.apache.kafka.clients.ClientUtils     : Couldn't resolve server kafka:29092 from bootstrap.servers as DNS resolution failed for kafka
wallet-core-balanceapp  | 2024-11-14T02:56:58.073Z ERROR 8 --- [fc-walletcore-balance-updater] [           main] o.springframework.kafka.core.KafkaAdmin  : Could not create admin
wallet-core-balanceapp  | 
wallet-core-balanceapp  | org.apache.kafka.common.KafkaException: Failed to create new KafkaAdminClient
wallet-core-balanceapp  | 	at org.apache.kafka.clients.admin.KafkaAdminClient.createInternal(KafkaAdminClient.java:541) ~[kafka-clients-3.7.1.jar!/:na]
wallet-core-balanceapp  | 	at org.apache.kafka.clients.admin.Admin.create(Admin.java:147) ~[kafka-clients-3.7.1.jar!/:na]
wallet-core-balanceapp  | 	at org.apache.kafka.clients.admin.AdminClient.create(AdminClient.java:49) ~[kafka-clients-3.7.1.jar!/:na]
wallet-core-balanceapp  | 	at org.springframework.kafka.core.KafkaAdmin.createAdmin(KafkaAdmin.java:393) ~[spring-kafka-3.2.4.jar!/:3.2.4]
wallet-core-balanceapp  | 	at org.springframework.kafka.core.KafkaAdmin.initialize(KafkaAdmin.java:256) ~[spring-kafka-3.2.4.jar!/:3.2.4]
wallet-core-balanceapp  | 	at org.springframework.kafka.core.KafkaAdmin.afterSingletonsInstantiated(KafkaAdmin.java:238) ~[spring-kafka-3.2.4.jar!/:3.2.4]
wallet-core-balanceapp  | 	at org.springframework.beans.factory.support.DefaultListableBeanFactory.preInstantiateSingletons(DefaultListableBeanFactory.java:986) ~[spring-beans-6.1.14.jar!/:6.1.14]
wallet-core-balanceapp  | 	at org.springframework.context.support.AbstractApplicationContext.finishBeanFactoryInitialization(AbstractApplicationContext.java:971) ~[spring-context-6.1.14.jar!/:6.1.14]
wallet-core-balanceapp  | 	at org.springframework.context.support.AbstractApplicationContext.refresh(AbstractApplicationContext.java:625) ~[spring-context-6.1.14.jar!/:6.1.14]
wallet-core-balanceapp  | 	at org.springframework.boot.web.servlet.context.ServletWebServerApplicationContext.refresh(ServletWebServerApplicationContext.java:146) ~[spring-boot-3.3.5.jar!/:3.3.5]
wallet-core-balanceapp  | 	at org.springframework.boot.SpringApplication.refresh(SpringApplication.java:754) ~[spring-boot-3.3.5.jar!/:3.3.5]
wallet-core-balanceapp  | 	at org.springframework.boot.SpringApplication.refreshContext(SpringApplication.java:456) ~[spring-boot-3.3.5.jar!/:3.3.5]
wallet-core-balanceapp  | 	at org.springframework.boot.SpringApplication.run(SpringApplication.java:335) ~[spring-boot-3.3.5.jar!/:3.3.5]
wallet-core-balanceapp  | 	at org.springframework.boot.SpringApplication.run(SpringApplication.java:1363) ~[spring-boot-3.3.5.jar!/:3.3.5]
wallet-core-balanceapp  | 	at org.springframework.boot.SpringApplication.run(SpringApplication.java:1352) ~[spring-boot-3.3.5.jar!/:3.3.5]
wallet-core-balanceapp  | 	at br.com.josenaldo.wbu.FcWalletcoreBalanceUpdaterApplication.main(FcWalletcoreBalanceUpdaterApplication.java:14) ~[!/:0.0.1-SNAPSHOT]
wallet-core-balanceapp  | 	at java.base/jdk.internal.reflect.DirectMethodHandleAccessor.invoke(Unknown Source) ~[na:na]
wallet-core-balanceapp  | 	at java.base/java.lang.reflect.Method.invoke(Unknown Source) ~[na:na]
wallet-core-balanceapp  | 	at org.springframework.boot.loader.launch.Launcher.launch(Launcher.java:102) ~[app.jar:0.0.1-SNAPSHOT]
wallet-core-balanceapp  | 	at org.springframework.boot.loader.launch.Launcher.launch(Launcher.java:64) ~[app.jar:0.0.1-SNAPSHOT]
wallet-core-balanceapp  | 	at org.springframework.boot.loader.launch.JarLauncher.main(JarLauncher.java:40) ~[app.jar:0.0.1-SNAPSHOT]
wallet-core-balanceapp  | Caused by: org.apache.kafka.common.config.ConfigException: No resolvable bootstrap urls given in bootstrap.servers
wallet-core-balanceapp  | 	at org.apache.kafka.clients.ClientUtils.parseAndValidateAddresses(ClientUtils.java:103) ~[kafka-clients-3.7.1.jar!/:na]
wallet-core-balanceapp  | 	at org.apache.kafka.clients.ClientUtils.parseAndValidateAddresses(ClientUtils.java:62) ~[kafka-clients-3.7.1.jar!/:na]
wallet-core-balanceapp  | 	at org.apache.kafka.clients.admin.internals.AdminBootstrapAddresses.fromConfig(AdminBootstrapAddresses.java:72) ~[kafka-clients-3.7.1.jar!/:na]
wallet-core-balanceapp  | 	at org.apache.kafka.clients.admin.KafkaAdminClient.createInternal(KafkaAdminClient.java:510) ~[kafka-clients-3.7.1.jar!/:na]
wallet-core-balanceapp  | 	... 20 common frames omitted
wallet-core-balanceapp  | 
wallet-core-balanceapp  | 2024-11-14T02:56:58.111Z  INFO 8 --- [fc-walletcore-balance-updater] [           main] o.s.b.w.embedded.tomcat.TomcatWebServer  : Tomcat started on port 3003 (http) with context path '/'
wallet-core-balanceapp  | 2024-11-14T02:56:58.123Z  INFO 8 --- [fc-walletcore-balance-updater] [           main] o.a.k.clients.consumer.ConsumerConfig    : ConsumerConfig values: 
wallet-core-balanceapp  | 	allow.auto.create.topics = true
wallet-core-balanceapp  | 	auto.commit.interval.ms = 5000
wallet-core-balanceapp  | 	auto.include.jmx.reporter = true
wallet-core-balanceapp  | 	auto.offset.reset = latest
wallet-core-balanceapp  | 	bootstrap.servers = [kafka:29092]
wallet-core-balanceapp  | 	check.crcs = true
wallet-core-balanceapp  | 	client.dns.lookup = use_all_dns_ips
wallet-core-balanceapp  | 	client.id = consumer-balance-updater-1
wallet-core-balanceapp  | 	client.rack = 
wallet-core-balanceapp  | 	connections.max.idle.ms = 540000
wallet-core-balanceapp  | 	default.api.timeout.ms = 60000
wallet-core-balanceapp  | 	enable.auto.commit = false
wallet-core-balanceapp  | 	enable.metrics.push = true
wallet-core-balanceapp  | 	exclude.internal.topics = true
wallet-core-balanceapp  | 	fetch.max.bytes = 52428800
wallet-core-balanceapp  | 	fetch.max.wait.ms = 500
wallet-core-balanceapp  | 	fetch.min.bytes = 1
wallet-core-balanceapp  | 	group.id = balance-updater
wallet-core-balanceapp  | 	group.instance.id = null
wallet-core-balanceapp  | 	group.protocol = classic
wallet-core-balanceapp  | 	group.remote.assignor = null
wallet-core-balanceapp  | 	heartbeat.interval.ms = 3000
wallet-core-balanceapp  | 	interceptor.classes = []
wallet-core-balanceapp  | 	internal.leave.group.on.close = true
wallet-core-balanceapp  | 	internal.throw.on.fetch.stable.offset.unsupported = false
wallet-core-balanceapp  | 	isolation.level = read_uncommitted
wallet-core-balanceapp  | 	key.deserializer = class org.apache.kafka.common.serialization.StringDeserializer
wallet-core-balanceapp  | 	max.partition.fetch.bytes = 1048576
wallet-core-balanceapp  | 	max.poll.interval.ms = 300000
wallet-core-balanceapp  | 	max.poll.records = 500
wallet-core-balanceapp  | 	metadata.max.age.ms = 300000
wallet-core-balanceapp  | 	metric.reporters = []
wallet-core-balanceapp  | 	metrics.num.samples = 2
wallet-core-balanceapp  | 	metrics.recording.level = INFO
wallet-core-balanceapp  | 	metrics.sample.window.ms = 30000
wallet-core-balanceapp  | 	partition.assignment.strategy = [class org.apache.kafka.clients.consumer.RangeAssignor, class org.apache.kafka.clients.consumer.CooperativeStickyAssignor]
wallet-core-balanceapp  | 	receive.buffer.bytes = 65536
wallet-core-balanceapp  | 	reconnect.backoff.max.ms = 1000
wallet-core-balanceapp  | 	reconnect.backoff.ms = 50
wallet-core-balanceapp  | 	request.timeout.ms = 30000
wallet-core-balanceapp  | 	retry.backoff.max.ms = 1000
wallet-core-balanceapp  | 	retry.backoff.ms = 100
wallet-core-balanceapp  | 	sasl.client.callback.handler.class = null
wallet-core-balanceapp  | 	sasl.jaas.config = null
wallet-core-balanceapp  | 	sasl.kerberos.kinit.cmd = /usr/bin/kinit
wallet-core-balanceapp  | 	sasl.kerberos.min.time.before.relogin = 60000
wallet-core-balanceapp  | 	sasl.kerberos.service.name = null
wallet-core-balanceapp  | 	sasl.kerberos.ticket.renew.jitter = 0.05
wallet-core-balanceapp  | 	sasl.kerberos.ticket.renew.window.factor = 0.8
wallet-core-balanceapp  | 	sasl.login.callback.handler.class = null
wallet-core-balanceapp  | 	sasl.login.class = null
wallet-core-balanceapp  | 	sasl.login.connect.timeout.ms = null
wallet-core-balanceapp  | 	sasl.login.read.timeout.ms = null
wallet-core-balanceapp  | 	sasl.login.refresh.buffer.seconds = 300
wallet-core-balanceapp  | 	sasl.login.refresh.min.period.seconds = 60
wallet-core-balanceapp  | 	sasl.login.refresh.window.factor = 0.8
wallet-core-balanceapp  | 	sasl.login.refresh.window.jitter = 0.05
wallet-core-balanceapp  | 	sasl.login.retry.backoff.max.ms = 10000
wallet-core-balanceapp  | 	sasl.login.retry.backoff.ms = 100
wallet-core-balanceapp  | 	sasl.mechanism = GSSAPI
wallet-core-balanceapp  | 	sasl.oauthbearer.clock.skew.seconds = 30
wallet-core-balanceapp  | 	sasl.oauthbearer.expected.audience = null
wallet-core-balanceapp  | 	sasl.oauthbearer.expected.issuer = null
wallet-core-balanceapp  | 	sasl.oauthbearer.jwks.endpoint.refresh.ms = 3600000
wallet-core-balanceapp  | 	sasl.oauthbearer.jwks.endpoint.retry.backoff.max.ms = 10000
wallet-core-balanceapp  | 	sasl.oauthbearer.jwks.endpoint.retry.backoff.ms = 100
wallet-core-balanceapp  | 	sasl.oauthbearer.jwks.endpoint.url = null
wallet-core-balanceapp  | 	sasl.oauthbearer.scope.claim.name = scope
wallet-core-balanceapp  | 	sasl.oauthbearer.sub.claim.name = sub
wallet-core-balanceapp  | 	sasl.oauthbearer.token.endpoint.url = null
wallet-core-balanceapp  | 	security.protocol = PLAINTEXT
wallet-core-balanceapp  | 	security.providers = null
wallet-core-balanceapp  | 	send.buffer.bytes = 131072
wallet-core-balanceapp  | 	session.timeout.ms = 45000
wallet-core-balanceapp  | 	socket.connection.setup.timeout.max.ms = 30000
wallet-core-balanceapp  | 	socket.connection.setup.timeout.ms = 10000
wallet-core-balanceapp  | 	ssl.cipher.suites = null
wallet-core-balanceapp  | 	ssl.enabled.protocols = [TLSv1.2, TLSv1.3]
wallet-core-balanceapp  | 	ssl.endpoint.identification.algorithm = https
wallet-core-balanceapp  | 	ssl.engine.factory.class = null
wallet-core-balanceapp  | 	ssl.key.password = null
wallet-core-balanceapp  | 	ssl.keymanager.algorithm = SunX509
wallet-core-balanceapp  | 	ssl.keystore.certificate.chain = null
wallet-core-balanceapp  | 	ssl.keystore.key = null
wallet-core-balanceapp  | 	ssl.keystore.location = null
wallet-core-balanceapp  | 	ssl.keystore.password = null
wallet-core-balanceapp  | 	ssl.keystore.type = JKS
wallet-core-balanceapp  | 	ssl.protocol = TLSv1.3
wallet-core-balanceapp  | 	ssl.provider = null
wallet-core-balanceapp  | 	ssl.secure.random.implementation = null
wallet-core-balanceapp  | 	ssl.trustmanager.algorithm = PKIX
wallet-core-balanceapp  | 	ssl.truststore.certificates = null
wallet-core-balanceapp  | 	ssl.truststore.location = null
wallet-core-balanceapp  | 	ssl.truststore.password = null
wallet-core-balanceapp  | 	ssl.truststore.type = JKS
wallet-core-balanceapp  | 	value.deserializer = class org.apache.kafka.common.serialization.StringDeserializer
wallet-core-balanceapp  | 
wallet-core-balanceapp  | 2024-11-14T02:56:58.147Z  INFO 8 --- [fc-walletcore-balance-updater] [           main] o.a.k.c.t.i.KafkaMetricsCollector        : initializing Kafka metrics collector
wallet-core-balanceapp  | 2024-11-14T02:56:58.201Z  WARN 8 --- [fc-walletcore-balance-updater] [           main] org.apache.kafka.clients.ClientUtils     : Couldn't resolve server kafka:29092 from bootstrap.servers as DNS resolution failed for kafka
wallet-core-balanceapp  | 2024-11-14T02:56:58.201Z  INFO 8 --- [fc-walletcore-balance-updater] [           main] o.apache.kafka.common.metrics.Metrics    : Metrics scheduler closed
wallet-core-balanceapp  | 2024-11-14T02:56:58.201Z  INFO 8 --- [fc-walletcore-balance-updater] [           main] o.apache.kafka.common.metrics.Metrics    : Closing reporter org.apache.kafka.common.metrics.JmxReporter
wallet-core-balanceapp  | 2024-11-14T02:56:58.201Z  INFO 8 --- [fc-walletcore-balance-updater] [           main] o.apache.kafka.common.metrics.Metrics    : Closing reporter org.apache.kafka.common.telemetry.internals.ClientTelemetryReporter
wallet-core-balanceapp  | 2024-11-14T02:56:58.201Z  INFO 8 --- [fc-walletcore-balance-updater] [           main] o.apache.kafka.common.metrics.Metrics    : Metrics reporters closed
wallet-core-balanceapp  | 2024-11-14T02:56:58.202Z  INFO 8 --- [fc-walletcore-balance-updater] [           main] o.a.kafka.common.utils.AppInfoParser     : App info kafka.consumer for consumer-balance-updater-1 unregistered
wallet-core-balanceapp  | 2024-11-14T02:56:58.206Z  WARN 8 --- [fc-walletcore-balance-updater] [           main] ConfigServletWebServerApplicationContext : Exception encountered during context initialization - cancelling refresh attempt: org.springframework.context.ApplicationContextException: Failed to start bean 'org.springframework.kafka.config.internalKafkaListenerEndpointRegistry'
wallet-core-balanceapp  | 2024-11-14T02:56:58.208Z  INFO 8 --- [fc-walletcore-balance-updater] [           main] j.LocalContainerEntityManagerFactoryBean : Closing JPA EntityManagerFactory for persistence unit 'default'
wallet-core-balanceapp  | 2024-11-14T02:56:58.209Z  INFO 8 --- [fc-walletcore-balance-updater] [           main] com.zaxxer.hikari.HikariDataSource       : HikariPool-1 - Shutdown initiated...
wallet-core-balanceapp  | 2024-11-14T02:56:58.213Z  INFO 8 --- [fc-walletcore-balance-updater] [           main] com.zaxxer.hikari.HikariDataSource       : HikariPool-1 - Shutdown completed.
wallet-core-balanceapp  | 2024-11-14T02:56:58.220Z  INFO 8 --- [fc-walletcore-balance-updater] [           main] .s.b.a.l.ConditionEvaluationReportLogger : 
wallet-core-balanceapp  | 
wallet-core-balanceapp  | Error starting ApplicationContext. To display the condition evaluation report re-run your application with 'debug' enabled.
wallet-core-balanceapp  | 2024-11-14T02:56:58.229Z ERROR 8 --- [fc-walletcore-balance-updater] [           main] o.s.boot.SpringApplication               : Application run failed
wallet-core-balanceapp  | 
wallet-core-balanceapp  | org.springframework.context.ApplicationContextException: Failed to start bean 'org.springframework.kafka.config.internalKafkaListenerEndpointRegistry'
wallet-core-balanceapp  | 	at org.springframework.context.support.DefaultLifecycleProcessor.doStart(DefaultLifecycleProcessor.java:288) ~[spring-context-6.1.14.jar!/:6.1.14]
wallet-core-balanceapp  | 	at org.springframework.context.support.DefaultLifecycleProcessor$LifecycleGroup.start(DefaultLifecycleProcessor.java:472) ~[spring-context-6.1.14.jar!/:6.1.14]
wallet-core-balanceapp  | 	at java.base/java.lang.Iterable.forEach(Unknown Source) ~[na:na]
wallet-core-balanceapp  | 	at org.springframework.context.support.DefaultLifecycleProcessor.startBeans(DefaultLifecycleProcessor.java:257) ~[spring-context-6.1.14.jar!/:6.1.14]
wallet-core-balanceapp  | 	at org.springframework.context.support.DefaultLifecycleProcessor.onRefresh(DefaultLifecycleProcessor.java:202) ~[spring-context-6.1.14.jar!/:6.1.14]
wallet-core-balanceapp  | 	at org.springframework.context.support.AbstractApplicationContext.finishRefresh(AbstractApplicationContext.java:990) ~[spring-context-6.1.14.jar!/:6.1.14]
wallet-core-balanceapp  | 	at org.springframework.context.support.AbstractApplicationContext.refresh(AbstractApplicationContext.java:628) ~[spring-context-6.1.14.jar!/:6.1.14]
wallet-core-balanceapp  | 	at org.springframework.boot.web.servlet.context.ServletWebServerApplicationContext.refresh(ServletWebServerApplicationContext.java:146) ~[spring-boot-3.3.5.jar!/:3.3.5]
wallet-core-balanceapp  | 	at org.springframework.boot.SpringApplication.refresh(SpringApplication.java:754) ~[spring-boot-3.3.5.jar!/:3.3.5]
wallet-core-balanceapp  | 	at org.springframework.boot.SpringApplication.refreshContext(SpringApplication.java:456) ~[spring-boot-3.3.5.jar!/:3.3.5]
wallet-core-balanceapp  | 	at org.springframework.boot.SpringApplication.run(SpringApplication.java:335) ~[spring-boot-3.3.5.jar!/:3.3.5]
wallet-core-balanceapp  | 	at org.springframework.boot.SpringApplication.run(SpringApplication.java:1363) ~[spring-boot-3.3.5.jar!/:3.3.5]
wallet-core-balanceapp  | 	at org.springframework.boot.SpringApplication.run(SpringApplication.java:1352) ~[spring-boot-3.3.5.jar!/:3.3.5]
wallet-core-balanceapp  | 	at br.com.josenaldo.wbu.FcWalletcoreBalanceUpdaterApplication.main(FcWalletcoreBalanceUpdaterApplication.java:14) ~[!/:0.0.1-SNAPSHOT]
wallet-core-balanceapp  | 	at java.base/jdk.internal.reflect.DirectMethodHandleAccessor.invoke(Unknown Source) ~[na:na]
wallet-core-balanceapp  | 	at java.base/java.lang.reflect.Method.invoke(Unknown Source) ~[na:na]
wallet-core-balanceapp  | 	at org.springframework.boot.loader.launch.Launcher.launch(Launcher.java:102) ~[app.jar:0.0.1-SNAPSHOT]
wallet-core-balanceapp  | 	at org.springframework.boot.loader.launch.Launcher.launch(Launcher.java:64) ~[app.jar:0.0.1-SNAPSHOT]
wallet-core-balanceapp  | 	at org.springframework.boot.loader.launch.JarLauncher.main(JarLauncher.java:40) ~[app.jar:0.0.1-SNAPSHOT]
wallet-core-balanceapp  | Caused by: org.apache.kafka.common.KafkaException: Failed to construct kafka consumer
wallet-core-balanceapp  | 	at org.apache.kafka.clients.consumer.internals.LegacyKafkaConsumer.<init>(LegacyKafkaConsumer.java:264) ~[kafka-clients-3.7.1.jar!/:na]
wallet-core-balanceapp  | 	at org.apache.kafka.clients.consumer.internals.ConsumerDelegateCreator.create(ConsumerDelegateCreator.java:65) ~[kafka-clients-3.7.1.jar!/:na]
wallet-core-balanceapp  | 	at org.apache.kafka.clients.consumer.KafkaConsumer.<init>(KafkaConsumer.java:600) ~[kafka-clients-3.7.1.jar!/:na]
wallet-core-balanceapp  | 	at org.apache.kafka.clients.consumer.KafkaConsumer.<init>(KafkaConsumer.java:595) ~[kafka-clients-3.7.1.jar!/:na]
wallet-core-balanceapp  | 	at org.springframework.kafka.core.DefaultKafkaConsumerFactory$ExtendedKafkaConsumer.<init>(DefaultKafkaConsumerFactory.java:506) ~[spring-kafka-3.2.4.jar!/:3.2.4]
wallet-core-balanceapp  | 	at org.springframework.kafka.core.DefaultKafkaConsumerFactory.createRawConsumer(DefaultKafkaConsumerFactory.java:485) ~[spring-kafka-3.2.4.jar!/:3.2.4]
wallet-core-balanceapp  | 	at org.springframework.kafka.core.DefaultKafkaConsumerFactory.createKafkaConsumer(DefaultKafkaConsumerFactory.java:462) ~[spring-kafka-3.2.4.jar!/:3.2.4]
wallet-core-balanceapp  | 	at org.springframework.kafka.core.DefaultKafkaConsumerFactory.createConsumerWithAdjustedProperties(DefaultKafkaConsumerFactory.java:439) ~[spring-kafka-3.2.4.jar!/:3.2.4]
wallet-core-balanceapp  | 	at org.springframework.kafka.core.DefaultKafkaConsumerFactory.createKafkaConsumer(DefaultKafkaConsumerFactory.java:406) ~[spring-kafka-3.2.4.jar!/:3.2.4]
wallet-core-balanceapp  | 	at org.springframework.kafka.core.DefaultKafkaConsumerFactory.createConsumer(DefaultKafkaConsumerFactory.java:367) ~[spring-kafka-3.2.4.jar!/:3.2.4]
wallet-core-balanceapp  | 	at org.springframework.kafka.listener.KafkaMessageListenerContainer$ListenerConsumer.<init>(KafkaMessageListenerContainer.java:866) ~[spring-kafka-3.2.4.jar!/:3.2.4]
wallet-core-balanceapp  | 	at org.springframework.kafka.listener.KafkaMessageListenerContainer.doStart(KafkaMessageListenerContainer.java:379) ~[spring-kafka-3.2.4.jar!/:3.2.4]
wallet-core-balanceapp  | 	at org.springframework.kafka.listener.AbstractMessageListenerContainer.start(AbstractMessageListenerContainer.java:519) ~[spring-kafka-3.2.4.jar!/:3.2.4]
wallet-core-balanceapp  | 	at org.springframework.kafka.listener.ConcurrentMessageListenerContainer.doStart(ConcurrentMessageListenerContainer.java:255) ~[spring-kafka-3.2.4.jar!/:3.2.4]
wallet-core-balanceapp  | 	at org.springframework.kafka.listener.AbstractMessageListenerContainer.start(AbstractMessageListenerContainer.java:519) ~[spring-kafka-3.2.4.jar!/:3.2.4]
wallet-core-balanceapp  | 	at org.springframework.kafka.config.KafkaListenerEndpointRegistry.startIfNecessary(KafkaListenerEndpointRegistry.java:436) ~[spring-kafka-3.2.4.jar!/:3.2.4]
wallet-core-balanceapp  | 	at org.springframework.kafka.config.KafkaListenerEndpointRegistry.start(KafkaListenerEndpointRegistry.java:382) ~[spring-kafka-3.2.4.jar!/:3.2.4]
wallet-core-balanceapp  | 	at org.springframework.context.support.DefaultLifecycleProcessor.doStart(DefaultLifecycleProcessor.java:285) ~[spring-context-6.1.14.jar!/:6.1.14]
wallet-core-balanceapp  | 	... 18 common frames omitted
wallet-core-balanceapp  | Caused by: org.apache.kafka.common.config.ConfigException: No resolvable bootstrap urls given in bootstrap.servers
wallet-core-balanceapp  | 	at org.apache.kafka.clients.ClientUtils.parseAndValidateAddresses(ClientUtils.java:103) ~[kafka-clients-3.7.1.jar!/:na]
wallet-core-balanceapp  | 	at org.apache.kafka.clients.ClientUtils.parseAndValidateAddresses(ClientUtils.java:62) ~[kafka-clients-3.7.1.jar!/:na]
wallet-core-balanceapp  | 	at org.apache.kafka.clients.ClientUtils.parseAndValidateAddresses(ClientUtils.java:58) ~[kafka-clients-3.7.1.jar!/:na]
wallet-core-balanceapp  | 	at org.apache.kafka.clients.consumer.internals.LegacyKafkaConsumer.<init>(LegacyKafkaConsumer.java:183) ~[kafka-clients-3.7.1.jar!/:na]
wallet-core-balanceapp  | 	... 35 common frames omitted
wallet-core-balanceapp  | 
